<?xml version="1.0" encoding="UTF-8"?>
<!-- Generated by org.testng.reporters.JUnitXMLReporter -->
<testsuite hostname="WSAMZN-4OJNI24G" ignored="0" name="Test" tests="1" failures="1" timestamp="01 Apr 2021 07:27:30 GMT" time="44.451" errors="0">
  <testcase name="BillingTest" time="37.909" classname="com.Test.GW_BillingCenter_Test1">
    <failure type="java.lang.AssertionError" message="expected [11] but found [12]">
      <![CDATA[java.lang.AssertionError: expected [11] but found [12]
	at com.pages.Sandbox.GW_BillingCenter_Resuables.bc_AccountSummary_Invoices(GW_BillingCenter_Resuables.java:228)
	at com.Test.GW_BillingCenter_Test1.BillingTest(GW_BillingCenter_Test1.java:100)
	at java.util.concurrent.ThreadPoolExecutor.runWorker(ThreadPoolExecutor.java:1149)
	at java.util.concurrent.ThreadPoolExecutor$Worker.run(ThreadPoolExecutor.java:624)
	at java.lang.Thread.run(Thread.java:748)
... Removed 16 stack frames]]>
    </failure>
  </testcase> <!-- BillingTest -->
</testsuite> <!-- Test -->
